Files already exist for CR1625
Files already exist for CR1626
Files already exist for CR1627
Files already exist for CR1628
Files already exist for CR1629
Files already exist for CR1630
No data available for given CR and observatory preferences
Error fetching solar wind data for CR 1631: 
No data available for given CR and observatory preferences
Error fetching solar wind data for CR 1632: 
Files already exist for CR1633
Downloading from:  http://www.predsci.com/data/runs/cr1634-medium/kpo_mas_mas_std_0101/helio/
No data available for given CR and observatory preferences
Error fetching solar wind data for CR 1635: 
Downloading from:  http://www.predsci.com/data/runs/cr1636-medium/kpo_mas_mas_std_0101/helio/
No data available for given CR and observatory preferences
Error fetching solar wind data for CR 1637: 
Downloading from:  http://www.predsci.com/data/runs/cr1638-medium/kpo_mas_mas_std_0101/helio/
No data available for given CR and observatory preferences
Error fetching solar wind data for CR 1639: 
No data available for given CR and observatory preferences
Error fetching solar wind data for CR 1640: 
No data available for given CR and observatory preferences
Error fetching solar wind data for CR 1641: 
Downloading from:  http://www.predsci.com/data/runs/cr1642-medium/wso_mas_mas_std_0101/helio/
Downloading from:  http://www.predsci.com/data/runs/cr1643-medium/wso_mas_mas_std_0101/helio/
Downloading from:  http://www.predsci.com/data/runs/cr1644-medium/wso_mas_mas_std_0101/helio/
Downloading from:  http://www.predsci.com/data/runs/cr1645-medium/wso_mas_mas_std_0101/helio/
Downloading from:  http://www.predsci.com/data/runs/cr1646-medium/wso_mas_mas_std_0101/helio/
Downloading from:  http://www.predsci.com/data/runs/cr1647-medium/wso_mas_mas_std_0101/helio/
Downloading from:  http://www.predsci.com/data/runs/cr1648-medium/wso_mas_mas_std_0101/helio/
Downloading from:  http://www.predsci.com/data/runs/cr1649-medium/kpo_mas_mas_std_0101/helio/
Downloading from:  http://www.predsci.com/data/runs/cr1650-medium/wso_mas_mas_std_0101/helio/
Downloading from:  http://www.predsci.com/data/runs/cr1651-medium/kpo_mas_mas_std_0101/helio/
Downloading from:  http://www.predsci.com/data/runs/cr1652-medium/kpo_mas_mas_std_0101/helio/
Downloading from:  http://www.predsci.com/data/runs/cr1653-medium/kpo_mas_mas_std_0101/helio/
Downloading from:  http://www.predsci.com/data/runs/cr1654-medium/kpo_mas_mas_std_0101/helio/
Downloading from:  http://www.predsci.com/data/runs/cr1655-medium/kpo_mas_mas_std_0101/helio/
Downloading from:  http://www.predsci.com/data/runs/cr1656-medium/kpo_mas_mas_std_0101/helio/
Downloading from:  http://www.predsci.com/data/runs/cr1657-medium/kpo_mas_mas_std_0101/helio/
Downloading from:  http://www.predsci.com/data/runs/cr1658-medium/wso_mas_mas_std_0101/helio/
Downloading from:  http://www.predsci.com/data/runs/cr1659-medium/kpo_mas_mas_std_0101/helio/
Downloading from:  http://www.predsci.com/data/runs/cr1660-medium/kpo_mas_mas_std_0101/helio/
No data available for given CR and observatory preferences
Error fetching solar wind data for CR 1661: 
Downloading from:  http://www.predsci.com/data/runs/cr1662-medium/kpo_mas_mas_std_0101/helio/
No data available for given CR and observatory preferences
Error fetching solar wind data for CR 1663: 
Downloading from:  http://www.predsci.com/data/runs/cr1664-medium/kpo_mas_mas_std_0101/helio/
No data available for given CR and observatory preferences
Error fetching solar wind data for CR 1665: 
Downloading from:  http://www.predsci.com/data/runs/cr1666-medium/kpo_mas_mas_std_0101/helio/
Downloading from:  http://www.predsci.com/data/runs/cr1667-medium/kpo_mas_mas_std_0101/helio/
Downloading from:  http://www.predsci.com/data/runs/cr1668-medium/kpo_mas_mas_std_0101/helio/
Downloading from:  http://www.predsci.com/data/runs/cr1669-medium/wso_mas_mas_std_0101/helio/
Downloading from:  http://www.predsci.com/data/runs/cr1670-medium/kpo_mas_mas_std_0101/helio/
Downloading from:  http://www.predsci.com/data/runs/cr1671-medium/kpo_mas_mas_std_0101/helio/
Downloading from:  http://www.predsci.com/data/runs/cr1672-medium/kpo_mas_mas_std_0101/helio/
Downloading from:  http://www.predsci.com/data/runs/cr1673-medium/kpo_mas_mas_std_0101/helio/
Downloading from:  http://www.predsci.com/data/runs/cr1674-medium/kpo_mas_mas_std_0101/helio/
Downloading from:  http://www.predsci.com/data/runs/cr1675-medium/kpo_mas_mas_std_0101/helio/
Downloading from:  http://www.predsci.com/data/runs/cr1676-medium/kpo_mas_mas_std_0101/helio/
Downloading from:  http://www.predsci.com/data/runs/cr1677-medium/kpo_mas_mas_std_0101/helio/
No data available for given CR and observatory preferences
Error fetching solar wind data for CR 1678: 
Downloading from:  http://www.predsci.com/data/runs/cr1679-medium/wso_mas_mas_std_0101/helio/
Downloading from:  http://www.predsci.com/data/runs/cr1680-medium/kpo_mas_mas_std_0101/helio/
Downloading from:  http://www.predsci.com/data/runs/cr1681-medium/kpo_mas_mas_std_0101/helio/
Downloading from:  http://www.predsci.com/data/runs/cr1682-medium/kpo_mas_mas_std_0101/helio/
Downloading from:  http://www.predsci.com/data/runs/cr1683-medium/kpo_mas_mas_std_0101/helio/
Downloading from:  http://www.predsci.com/data/runs/cr1684-medium/kpo_mas_mas_std_0101/helio/
Downloading from:  http://www.predsci.com/data/runs/cr1685-medium/kpo_mas_mas_std_0101/helio/
Downloading from:  http://www.predsci.com/data/runs/cr1686-medium/kpo_mas_mas_std_0101/helio/
Downloading from:  http://www.predsci.com/data/runs/cr1687-medium/kpo_mas_mas_std_0101/helio/
Downloading from:  http://www.predsci.com/data/runs/cr1688-medium/kpo_mas_mas_std_0101/helio/
Downloading from:  http://www.predsci.com/data/runs/cr1689-medium/kpo_mas_mas_std_0101/helio/
Downloading from:  http://www.predsci.com/data/runs/cr1690-medium/kpo_mas_mas_std_0101/helio/
Downloading from:  http://www.predsci.com/data/runs/cr1691-medium/kpo_mas_mas_std_0101/helio/
Downloading from:  http://www.predsci.com/data/runs/cr1692-medium/kpo_mas_mas_std_0101/helio/
No data available for given CR and observatory preferences
Error fetching solar wind data for CR 1693: 
Downloading from:  http://www.predsci.com/data/runs/cr1694-medium/kpo_mas_mas_std_0101/helio/
Downloading from:  http://www.predsci.com/data/runs/cr1695-medium/kpo_mas_mas_std_0101/helio/
Downloading from:  http://www.predsci.com/data/runs/cr1696-medium/kpo_mas_mas_std_0101/helio/
Downloading from:  http://www.predsci.com/data/runs/cr1697-medium/wso_mas_mas_std_0101/helio/
Downloading from:  http://www.predsci.com/data/runs/cr1698-medium/kpo_mas_mas_std_0101/helio/
Downloading from:  http://www.predsci.com/data/runs/cr1699-medium/wso_mas_mas_std_0101/helio/
Downloading from:  http://www.predsci.com/data/runs/cr1700-medium/kpo_mas_mas_std_0101/helio/
Downloading from:  http://www.predsci.com/data/runs/cr1701-medium/kpo_mas_mas_std_0101/helio/
Downloading from:  http://www.predsci.com/data/runs/cr1702-medium/kpo_mas_mas_std_0101/helio/
Downloading from:  http://www.predsci.com/data/runs/cr1703-medium/kpo_mas_mas_std_0101/helio/
Downloading from:  http://www.predsci.com/data/runs/cr1704-medium/kpo_mas_mas_std_0101/helio/
No data available for given CR and observatory preferences
Error fetching solar wind data for CR 1705: 
Downloading from:  http://www.predsci.com/data/runs/cr1706-medium/kpo_mas_mas_std_0101/helio/
Downloading from:  http://www.predsci.com/data/runs/cr1707-medium/kpo_mas_mas_std_0101/helio/
Downloading from:  http://www.predsci.com/data/runs/cr1708-medium/wso_mas_mas_std_0101/helio/
Downloading from:  http://www.predsci.com/data/runs/cr1709-medium/kpo_mas_mas_std_0101/helio/
Downloading from:  http://www.predsci.com/data/runs/cr1710-medium/wso_mas_mas_std_0101/helio/
Downloading from:  http://www.predsci.com/data/runs/cr1711-medium/kpo_mas_mas_std_0101/helio/
Downloading from:  http://www.predsci.com/data/runs/cr1712-medium/wso_mas_mas_std_0101/helio/
Downloading from:  http://www.predsci.com/data/runs/cr1713-medium/kpo_mas_mas_std_0101/helio/
Downloading from:  http://www.predsci.com/data/runs/cr1714-medium/kpo_mas_mas_std_0101/helio/
Downloading from:  http://www.predsci.com/data/runs/cr1715-medium/kpo_mas_mas_std_0101/helio/
Downloading from:  http://www.predsci.com/data/runs/cr1716-medium/kpo_mas_mas_std_0101/helio/
Downloading from:  http://www.predsci.com/data/runs/cr1717-medium/kpo_mas_mas_std_0101/helio/
Downloading from:  http://www.predsci.com/data/runs/cr1718-medium/kpo_mas_mas_std_0101/helio/
Downloading from:  http://www.predsci.com/data/runs/cr1719-medium/kpo_mas_mas_std_0101/helio/
Downloading from:  http://www.predsci.com/data/runs/cr1720-medium/kpo_mas_mas_std_0101/helio/
Downloading from:  http://www.predsci.com/data/runs/cr1721-medium/kpo_mas_mas_std_0101/helio/
Downloading from:  http://www.predsci.com/data/runs/cr1722-medium/kpo_mas_mas_std_0101/helio/
Downloading from:  http://www.predsci.com/data/runs/cr1723-medium/wso_mas_mas_std_0101/helio/
Downloading from:  http://www.predsci.com/data/runs/cr1724-medium/kpo_mas_mas_std_0101/helio/
Downloading from:  http://www.predsci.com/data/runs/cr1725-medium/wso_mas_mas_std_0101/helio/
Downloading from:  http://www.predsci.com/data/runs/cr1726-medium/kpo_mas_mas_std_0101/helio/
Downloading from:  http://www.predsci.com/data/runs/cr1727-medium/wso_mas_mas_std_0101/helio/
Downloading from:  http://www.predsci.com/data/runs/cr1728-medium/kpo_mas_mas_std_0101/helio/
Downloading from:  http://www.predsci.com/data/runs/cr1729-medium/kpo_mas_mas_std_0101/helio/
Downloading from:  http://www.predsci.com/data/runs/cr1730-medium/kpo_mas_mas_std_0101/helio/
Downloading from:  http://www.predsci.com/data/runs/cr1731-medium/kpo_mas_mas_std_0101/helio/
Downloading from:  http://www.predsci.com/data/runs/cr1732-medium/kpo_mas_mas_std_0101/helio/
Downloading from:  http://www.predsci.com/data/runs/cr1733-medium/kpo_mas_mas_std_0101/helio/
Downloading from:  http://www.predsci.com/data/runs/cr1734-medium/kpo_mas_mas_std_0101/helio/
Downloading from:  http://www.predsci.com/data/runs/cr1735-medium/kpo_mas_mas_std_0101/helio/
Downloading from:  http://www.predsci.com/data/runs/cr1736-medium/kpo_mas_mas_std_0101/helio/
Downloading from:  http://www.predsci.com/data/runs/cr1737-medium/kpo_mas_mas_std_0101/helio/
Downloading from:  http://www.predsci.com/data/runs/cr1738-medium/kpo_mas_mas_std_0101/helio/
Downloading from:  http://www.predsci.com/data/runs/cr1739-medium/kpo_mas_mas_std_0101/helio/
Downloading from:  http://www.predsci.com/data/runs/cr1740-medium/kpo_mas_mas_std_0101/helio/
Downloading from:  http://www.predsci.com/data/runs/cr1741-medium/kpo_mas_mas_std_0101/helio/
Downloading from:  http://www.predsci.com/data/runs/cr1742-medium/kpo_mas_mas_std_0101/helio/
Downloading from:  http://www.predsci.com/data/runs/cr1743-medium/kpo_mas_mas_std_0101/helio/
Downloading from:  http://www.predsci.com/data/runs/cr1744-medium/kpo_mas_mas_std_0101/helio/
Downloading from:  http://www.predsci.com/data/runs/cr1745-medium/kpo_mas_mas_std_0101/helio/
Downloading from:  http://www.predsci.com/data/runs/cr1746-medium/kpo_mas_mas_std_0101/helio/
Downloading from:  http://www.predsci.com/data/runs/cr1747-medium/kpo_mas_mas_std_0101/helio/
Downloading from:  http://www.predsci.com/data/runs/cr1748-medium/kpo_mas_mas_std_0101/helio/
Downloading from:  http://www.predsci.com/data/runs/cr1749-medium/kpo_mas_mas_std_0101/helio/
Downloading from:  http://www.predsci.com/data/runs/cr1750-medium/kpo_mas_mas_std_0101/helio/
Downloading from:  http://www.predsci.com/data/runs/cr1751-medium/kpo_mas_mas_std_0101/helio/
Downloading from:  http://www.predsci.com/data/runs/cr1752-medium/kpo_mas_mas_std_0101/helio/
Downloading from:  http://www.predsci.com/data/runs/cr1753-medium/kpo_mas_mas_std_0101/helio/
Downloading from:  http://www.predsci.com/data/runs/cr1754-medium/kpo_mas_mas_std_0101/helio/
Downloading from:  http://www.predsci.com/data/runs/cr1755-medium/kpo_mas_mas_std_0101/helio/
Downloading from:  http://www.predsci.com/data/runs/cr1756-medium/kpo_mas_mas_std_0101/helio/
Downloading from:  http://www.predsci.com/data/runs/cr1757-medium/kpo_mas_mas_std_0101/helio/
Downloading from:  http://www.predsci.com/data/runs/cr1758-medium/kpo_mas_mas_std_0101/helio/
Downloading from:  http://www.predsci.com/data/runs/cr1759-medium/kpo_mas_mas_std_0101/helio/
Downloading from:  http://www.predsci.com/data/runs/cr1760-medium/kpo_mas_mas_std_0101/helio/
Downloading from:  http://www.predsci.com/data/runs/cr1761-medium/kpo_mas_mas_std_0101/helio/
Downloading from:  http://www.predsci.com/data/runs/cr1762-medium/kpo_mas_mas_std_0101/helio/
Downloading from:  http://www.predsci.com/data/runs/cr1763-medium/kpo_mas_mas_std_0101/helio/
Downloading from:  http://www.predsci.com/data/runs/cr1764-medium/kpo_mas_mas_std_0101/helio/
Downloading from:  http://www.predsci.com/data/runs/cr1765-medium/kpo_mas_mas_std_0101/helio/
Downloading from:  http://www.predsci.com/data/runs/cr1766-medium/kpo_mas_mas_std_0101/helio/
Downloading from:  http://www.predsci.com/data/runs/cr1767-medium/kpo_mas_mas_std_0101/helio/
Downloading from:  http://www.predsci.com/data/runs/cr1768-medium/kpo_mas_mas_std_0101/helio/
Downloading from:  http://www.predsci.com/data/runs/cr1769-medium/kpo_mas_mas_std_0101/helio/
Downloading from:  http://www.predsci.com/data/runs/cr1770-medium/kpo_mas_mas_std_0101/helio/
Downloading from:  http://www.predsci.com/data/runs/cr1771-medium/kpo_mas_mas_std_0101/helio/
Downloading from:  http://www.predsci.com/data/runs/cr1772-medium/kpo_mas_mas_std_0101/helio/
Downloading from:  http://www.predsci.com/data/runs/cr1773-medium/kpo_mas_mas_std_0101/helio/
Downloading from:  http://www.predsci.com/data/runs/cr1774-medium/kpo_mas_mas_std_0101/helio/
Downloading from:  http://www.predsci.com/data/runs/cr1775-medium/kpo_mas_mas_std_0101/helio/
Downloading from:  http://www.predsci.com/data/runs/cr1776-medium/kpo_mas_mas_std_0101/helio/
Downloading from:  http://www.predsci.com/data/runs/cr1777-medium/kpo_mas_mas_std_0101/helio/
Downloading from:  http://www.predsci.com/data/runs/cr1778-medium/kpo_mas_mas_std_0101/helio/
Downloading from:  http://www.predsci.com/data/runs/cr1779-medium/kpo_mas_mas_std_0101/helio/
Downloading from:  http://www.predsci.com/data/runs/cr1780-medium/kpo_mas_mas_std_0101/helio/
Downloading from:  http://www.predsci.com/data/runs/cr1781-medium/kpo_mas_mas_std_0101/helio/
Downloading from:  http://www.predsci.com/data/runs/cr1782-medium/kpo_mas_mas_std_0101/helio/
Downloading from:  http://www.predsci.com/data/runs/cr1783-medium/kpo_mas_mas_std_0101/helio/
Downloading from:  http://www.predsci.com/data/runs/cr1784-medium/kpo_mas_mas_std_0101/helio/
Downloading from:  http://www.predsci.com/data/runs/cr1785-medium/kpo_mas_mas_std_0101/helio/
Downloading from:  http://www.predsci.com/data/runs/cr1786-medium/kpo_mas_mas_std_0101/helio/
Downloading from:  http://www.predsci.com/data/runs/cr1787-medium/kpo_mas_mas_std_0101/helio/
Downloading from:  http://www.predsci.com/data/runs/cr1788-medium/kpo_mas_mas_std_0101/helio/
Downloading from:  http://www.predsci.com/data/runs/cr1789-medium/kpo_mas_mas_std_0101/helio/
Downloading from:  http://www.predsci.com/data/runs/cr1790-medium/kpo_mas_mas_std_0101/helio/
Downloading from:  http://www.predsci.com/data/runs/cr1791-medium/kpo_mas_mas_std_0101/helio/
Downloading from:  http://www.predsci.com/data/runs/cr1792-medium/kpo_mas_mas_std_0101/helio/
Downloading from:  http://www.predsci.com/data/runs/cr1793-medium/kpo_mas_mas_std_0101/helio/
Downloading from:  http://www.predsci.com/data/runs/cr1794-medium/kpo_mas_mas_std_0101/helio/
Downloading from:  http://www.predsci.com/data/runs/cr1795-medium/kpo_mas_mas_std_0101/helio/
Downloading from:  http://www.predsci.com/data/runs/cr1796-medium/kpo_mas_mas_std_0101/helio/
Downloading from:  http://www.predsci.com/data/runs/cr1797-medium/kpo_mas_mas_std_0101/helio/
Downloading from:  http://www.predsci.com/data/runs/cr1798-medium/kpo_mas_mas_std_0101/helio/
Downloading from:  http://www.predsci.com/data/runs/cr1799-medium/kpo_mas_mas_std_0101/helio/
Downloading from:  http://www.predsci.com/data/runs/cr1800-medium/kpo_mas_mas_std_0101/helio/
Downloading from:  http://www.predsci.com/data/runs/cr1801-medium/kpo_mas_mas_std_0101/helio/
Downloading from:  http://www.predsci.com/data/runs/cr1802-medium/kpo_mas_mas_std_0101/helio/
Downloading from:  http://www.predsci.com/data/runs/cr1803-medium/kpo_mas_mas_std_0101/helio/
Downloading from:  http://www.predsci.com/data/runs/cr1804-medium/kpo_mas_mas_std_0101/helio/
Downloading from:  http://www.predsci.com/data/runs/cr1805-medium/kpo_mas_mas_std_0101/helio/
Downloading from:  http://www.predsci.com/data/runs/cr1806-medium/kpo_mas_mas_std_0101/helio/
Downloading from:  http://www.predsci.com/data/runs/cr1807-medium/kpo_mas_mas_std_0101/helio/
Downloading from:  http://www.predsci.com/data/runs/cr1808-medium/kpo_mas_mas_std_0101/helio/
Downloading from:  http://www.predsci.com/data/runs/cr1809-medium/kpo_mas_mas_std_0101/helio/
Downloading from:  http://www.predsci.com/data/runs/cr1810-medium/kpo_mas_mas_std_0101/helio/
Downloading from:  http://www.predsci.com/data/runs/cr1811-medium/kpo_mas_mas_std_0101/helio/
Downloading from:  http://www.predsci.com/data/runs/cr1812-medium/kpo_mas_mas_std_0101/helio/
Downloading from:  http://www.predsci.com/data/runs/cr1813-medium/kpo_mas_mas_std_0101/helio/
Downloading from:  http://www.predsci.com/data/runs/cr1814-medium/kpo_mas_mas_std_0101/helio/
Downloading from:  http://www.predsci.com/data/runs/cr1815-medium/kpo_mas_mas_std_0101/helio/
Downloading from:  http://www.predsci.com/data/runs/cr1816-medium/kpo_mas_mas_std_0101/helio/
Downloading from:  http://www.predsci.com/data/runs/cr1817-medium/kpo_mas_mas_std_0101/helio/
Downloading from:  http://www.predsci.com/data/runs/cr1818-medium/kpo_mas_mas_std_0101/helio/
Downloading from:  http://www.predsci.com/data/runs/cr1819-medium/kpo_mas_mas_std_0101/helio/
Downloading from:  http://www.predsci.com/data/runs/cr1820-medium/kpo_mas_mas_std_0101/helio/
Downloading from:  http://www.predsci.com/data/runs/cr1821-medium/kpo_mas_mas_std_0101/helio/
Downloading from:  http://www.predsci.com/data/runs/cr1822-medium/kpo_mas_mas_std_0101/helio/
Downloading from:  http://www.predsci.com/data/runs/cr1823-medium/kpo_mas_mas_std_0101/helio/
Downloading from:  http://www.predsci.com/data/runs/cr1824-medium/kpo_mas_mas_std_0101/helio/
Downloading from:  http://www.predsci.com/data/runs/cr1825-medium/kpo_mas_mas_std_0101/helio/
Downloading from:  http://www.predsci.com/data/runs/cr1826-medium/kpo_mas_mas_std_0101/helio/
Downloading from:  http://www.predsci.com/data/runs/cr1827-medium/kpo_mas_mas_std_0101/helio/
Downloading from:  http://www.predsci.com/data/runs/cr1828-medium/kpo_mas_mas_std_0101/helio/
Downloading from:  http://www.predsci.com/data/runs/cr1829-medium/wso_mas_mas_std_0101/helio/
Downloading from:  http://www.predsci.com/data/runs/cr1830-medium/kpo_mas_mas_std_0101/helio/
Downloading from:  http://www.predsci.com/data/runs/cr1831-medium/kpo_mas_mas_std_0101/helio/
Downloading from:  http://www.predsci.com/data/runs/cr1832-medium/kpo_mas_mas_std_0101/helio/
Downloading from:  http://www.predsci.com/data/runs/cr1833-medium/kpo_mas_mas_std_0101/helio/
Downloading from:  http://www.predsci.com/data/runs/cr1834-medium/kpo_mas_mas_std_0101/helio/
Downloading from:  http://www.predsci.com/data/runs/cr1835-medium/wso_mas_mas_std_0101/helio/
Downloading from:  http://www.predsci.com/data/runs/cr1836-medium/kpo_mas_mas_std_0101/helio/
No data available for given CR and observatory preferences
Error fetching solar wind data for CR 1837: 
No data available for given CR and observatory preferences
Error fetching solar wind data for CR 1838: 
Downloading from:  http://www.predsci.com/data/runs/cr1839-medium/kpo_mas_mas_std_0101/helio/
No data available for given CR and observatory preferences
Error fetching solar wind data for CR 1840: 
Downloading from:  http://www.predsci.com/data/runs/cr1841-medium/kpo_mas_mas_std_0101/helio/
Downloading from:  http://www.predsci.com/data/runs/cr1842-medium/kpo_mas_mas_std_0101/helio/
Downloading from:  http://www.predsci.com/data/runs/cr1843-medium/kpo_mas_mas_std_0101/helio/
Downloading from:  http://www.predsci.com/data/runs/cr1844-medium/kpo_mas_mas_std_0101/helio/
Downloading from:  http://www.predsci.com/data/runs/cr1845-medium/wso_mas_mas_std_0101/helio/
Downloading from:  http://www.predsci.com/data/runs/cr1846-medium/kpo_mas_mas_std_0101/helio/
Downloading from:  http://www.predsci.com/data/runs/cr1847-medium/wso_mas_mas_std_0101/helio/
Downloading from:  http://www.predsci.com/data/runs/cr1848-medium/kpo_mas_mas_std_0101/helio/
Downloading from:  http://www.predsci.com/data/runs/cr1849-medium/kpo_mas_mas_std_0101/helio/
Downloading from:  http://www.predsci.com/data/runs/cr1850-medium/kpo_mas_mas_std_0101/helio/
Downloading from:  http://www.predsci.com/data/runs/cr1851-medium/kpo_mas_mas_std_0101/helio/
Downloading from:  http://www.predsci.com/data/runs/cr1852-medium/kpo_mas_mas_std_0101/helio/
Downloading from:  http://www.predsci.com/data/runs/cr1853-medium/kpo_mas_mas_std_0101/helio/
No data available for given CR and observatory preferences
Error fetching solar wind data for CR 1854: 
Downloading from:  http://www.predsci.com/data/runs/cr1855-medium/kpo_mas_mas_std_0101/helio/
Downloading from:  http://www.predsci.com/data/runs/cr1856-medium/kpo_mas_mas_std_0101/helio/
Downloading from:  http://www.predsci.com/data/runs/cr1857-medium/kpo_mas_mas_std_0101/helio/
Downloading from:  http://www.predsci.com/data/runs/cr1858-medium/kpo_mas_mas_std_0101/helio/
Downloading from:  http://www.predsci.com/data/runs/cr1859-medium/kpo_mas_mas_std_0101/helio/
No data available for given CR and observatory preferences
Error fetching solar wind data for CR 1860: 
Downloading from:  http://www.predsci.com/data/runs/cr1861-medium/kpo_mas_mas_std_0101/helio/
Downloading from:  http://www.predsci.com/data/runs/cr1862-medium/kpo_mas_mas_std_0101/helio/
Downloading from:  http://www.predsci.com/data/runs/cr1863-medium/kpo_mas_mas_std_0101/helio/
Downloading from:  http://www.predsci.com/data/runs/cr1864-medium/kpo_mas_mas_std_0101/helio/
Downloading from:  http://www.predsci.com/data/runs/cr1865-medium/kpo_mas_mas_std_0101/helio/
Downloading from:  http://www.predsci.com/data/runs/cr1866-medium/kpo_mas_mas_std_0101/helio/
Downloading from:  http://www.predsci.com/data/runs/cr1867-medium/kpo_mas_mas_std_0101/helio/
Downloading from:  http://www.predsci.com/data/runs/cr1868-medium/kpo_mas_mas_std_0101/helio/
Downloading from:  http://www.predsci.com/data/runs/cr1869-medium/kpo_mas_mas_std_0101/helio/
Downloading from:  http://www.predsci.com/data/runs/cr1870-medium/kpo_mas_mas_std_0101/helio/
Downloading from:  http://www.predsci.com/data/runs/cr1871-medium/kpo_mas_mas_std_0101/helio/
Downloading from:  http://www.predsci.com/data/runs/cr1872-medium/kpo_mas_mas_std_0101/helio/
Downloading from:  http://www.predsci.com/data/runs/cr1873-medium/kpo_mas_mas_std_0101/helio/
Downloading from:  http://www.predsci.com/data/runs/cr1874-medium/kpo_mas_mas_std_0101/helio/
Downloading from:  http://www.predsci.com/data/runs/cr1875-medium/kpo_mas_mas_std_0101/helio/
Downloading from:  http://www.predsci.com/data/runs/cr1876-medium/kpo_mas_mas_std_0101/helio/
Downloading from:  http://www.predsci.com/data/runs/cr1877-medium/kpo_mas_mas_std_0101/helio/
Downloading from:  http://www.predsci.com/data/runs/cr1878-medium/kpo_mas_mas_std_0101/helio/
Downloading from:  http://www.predsci.com/data/runs/cr1879-medium/kpo_mas_mas_std_0101/helio/
Downloading from:  http://www.predsci.com/data/runs/cr1880-medium/kpo_mas_mas_std_0101/helio/
Downloading from:  http://www.predsci.com/data/runs/cr1881-medium/kpo_mas_mas_std_0101/helio/
Downloading from:  http://www.predsci.com/data/runs/cr1882-medium/kpo_mas_mas_std_0101/helio/
Downloading from:  http://www.predsci.com/data/runs/cr1883-medium/kpo_mas_mas_std_0101/helio/
Downloading from:  http://www.predsci.com/data/runs/cr1884-medium/kpo_mas_mas_std_0101/helio/
Downloading from:  http://www.predsci.com/data/runs/cr1885-medium/kpo_mas_mas_std_0101/helio/
Downloading from:  http://www.predsci.com/data/runs/cr1886-medium/kpo_mas_mas_std_0101/helio/
Downloading from:  http://www.predsci.com/data/runs/cr1887-medium/kpo_mas_mas_std_0101/helio/
Downloading from:  http://www.predsci.com/data/runs/cr1888-medium/kpo_mas_mas_std_0101/helio/
Downloading from:  http://www.predsci.com/data/runs/cr1889-medium/kpo_mas_mas_std_0101/helio/
Downloading from:  http://www.predsci.com/data/runs/cr1890-medium/kpo_mas_mas_std_0101/helio/
Downloading from:  http://www.predsci.com/data/runs/cr1891-medium/kpo_mas_mas_std_0101/helio/
Downloading from:  http://www.predsci.com/data/runs/cr1892-medium/kpo_mas_mas_std_0101/helio/
Downloading from:  http://www.predsci.com/data/runs/cr1893-medium/kpo_mas_mas_std_0101/helio/
Downloading from:  http://www.predsci.com/data/runs/cr1894-medium/kpo_mas_mas_std_0101/helio/
Downloading from:  http://www.predsci.com/data/runs/cr1895-medium/kpo_mas_mas_std_0101/helio/
Downloading from:  http://www.predsci.com/data/runs/cr1896-medium/kpo_mas_mas_std_0101/helio/
Downloading from:  http://www.predsci.com/data/runs/cr1897-medium/kpo_mas_mas_std_0101/helio/
Downloading from:  http://www.predsci.com/data/runs/cr1898-medium/kpo_mas_mas_std_0101/helio/
Downloading from:  http://www.predsci.com/data/runs/cr1899-medium/kpo_mas_mas_std_0201/helio/
Downloading from:  http://www.predsci.com/data/runs/cr1900-medium/kpo_mas_mas_std_0101/helio/
Downloading from:  http://www.predsci.com/data/runs/cr1901-medium/kpo_mas_mas_std_0101/helio/
Downloading from:  http://www.predsci.com/data/runs/cr1902-medium/kpo_mas_mas_std_0101/helio/
Downloading from:  http://www.predsci.com/data/runs/cr1903-medium/kpo_mas_mas_std_0101/helio/
Downloading from:  http://www.predsci.com/data/runs/cr1904-medium/kpo_mas_mas_std_0101/helio/
Downloading from:  http://www.predsci.com/data/runs/cr1905-medium/kpo_mas_mas_std_0101/helio/
Downloading from:  http://www.predsci.com/data/runs/cr1906-medium/kpo_mas_mas_std_0101/helio/
Downloading from:  http://www.predsci.com/data/runs/cr1907-medium/kpo_mas_mas_std_0101/helio/
Downloading from:  http://www.predsci.com/data/runs/cr1908-medium/kpo_mas_mas_std_0101/helio/
Downloading from:  http://www.predsci.com/data/runs/cr1909-medium/mdi_mas_mas_std_0101/helio/
Downloading from:  http://www.predsci.com/data/runs/cr1910-medium/kpo_mas_mas_std_0101/helio/
Downloading from:  http://www.predsci.com/data/runs/cr1911-medium/mdi_mas_mas_std_0101/helio/
Downloading from:  http://www.predsci.com/data/runs/cr1912-medium/mdi_mas_mas_std_0101/helio/
Downloading from:  http://www.predsci.com/data/runs/cr1913-medium/kpo_mas_mas_std_0101/helio/
Downloading from:  http://www.predsci.com/data/runs/cr1914-medium/mdi_mas_mas_std_0101/helio/
Downloading from:  http://www.predsci.com/data/runs/cr1915-medium/mdi_mas_mas_std_0101/helio/
Downloading from:  http://www.predsci.com/data/runs/cr1916-medium/mdi_mas_mas_std_0101/helio/
Downloading from:  http://www.predsci.com/data/runs/cr1917-medium/mdi_mas_mas_std_0101/helio/
Downloading from:  http://www.predsci.com/data/runs/cr1918-medium/mdi_mas_mas_std_0101/helio/
Downloading from:  http://www.predsci.com/data/runs/cr1919-medium/mdi_mas_mas_std_0101/helio/
Downloading from:  http://www.predsci.com/data/runs/cr1920-medium/mdi_mas_mas_std_0101/helio/
Downloading from:  http://www.predsci.com/data/runs/cr1921-medium/mdi_mas_mas_std_0101/helio/
Downloading from:  http://www.predsci.com/data/runs/cr1922-medium/mdi_mas_mas_std_0101/helio/
Downloading from:  http://www.predsci.com/data/runs/cr1923-medium/mdi_mas_mas_std_0101/helio/
Downloading from:  http://www.predsci.com/data/runs/cr1924-medium/mdi_mas_mas_std_0101/helio/
Downloading from:  http://www.predsci.com/data/runs/cr1925-medium/mdi_mas_mas_std_0101/helio/
Downloading from:  http://www.predsci.com/data/runs/cr1926-medium/mdi_mas_mas_std_0101/helio/
Downloading from:  http://www.predsci.com/data/runs/cr1927-medium/mdi_mas_mas_std_0101/helio/
Downloading from:  http://www.predsci.com/data/runs/cr1928-medium/mdi_mas_mas_std_0101/helio/
Downloading from:  http://www.predsci.com/data/runs/cr1929-medium/mdi_mas_mas_std_0101/helio/
Downloading from:  http://www.predsci.com/data/runs/cr1930-medium/mdi_mas_mas_std_0101/helio/
Downloading from:  http://www.predsci.com/data/runs/cr1931-medium/mdi_mas_mas_std_0101/helio/
Downloading from:  http://www.predsci.com/data/runs/cr1932-medium/mdi_mas_mas_std_0101/helio/
Downloading from:  http://www.predsci.com/data/runs/cr1933-medium/mdi_mas_mas_std_0101/helio/
Downloading from:  http://www.predsci.com/data/runs/cr1934-medium/mdi_mas_mas_std_0101/helio/
Downloading from:  http://www.predsci.com/data/runs/cr1935-medium/mdi_mas_mas_std_0101/helio/
Downloading from:  http://www.predsci.com/data/runs/cr1936-medium/mdi_mas_mas_std_0101/helio/
Downloading from:  http://www.predsci.com/data/runs/cr1937-medium/kpo_mas_mas_std_0101/helio/
Downloading from:  http://www.predsci.com/data/runs/cr1938-medium/kpo_mas_mas_std_0101/helio/
Downloading from:  http://www.predsci.com/data/runs/cr1939-medium/kpo_mas_mas_std_0101/helio/
Downloading from:  http://www.predsci.com/data/runs/cr1940-medium/kpo_mas_mas_std_0101/helio/
Downloading from:  http://www.predsci.com/data/runs/cr1941-medium/kpo_mas_mas_std_0101/helio/
Downloading from:  http://www.predsci.com/data/runs/cr1942-medium/kpo_mas_mas_std_0101/helio/
Downloading from:  http://www.predsci.com/data/runs/cr1943-medium/kpo_mas_mas_std_0101/helio/
Downloading from:  http://www.predsci.com/data/runs/cr1944-medium/kpo_mas_mas_std_0101/helio/
Downloading from:  http://www.predsci.com/data/runs/cr1945-medium/kpo_mas_mas_std_0101/helio/
Downloading from:  http://www.predsci.com/data/runs/cr1946-medium/kpo_mas_mas_std_0101/helio/
Downloading from:  http://www.predsci.com/data/runs/cr1947-medium/mdi_mas_mas_std_0101/helio/
Downloading from:  http://www.predsci.com/data/runs/cr1948-medium/mdi_mas_mas_std_0101/helio/
Downloading from:  http://www.predsci.com/data/runs/cr1949-medium/mdi_mas_mas_std_0101/helio/
Downloading from:  http://www.predsci.com/data/runs/cr1950-medium/kpo_mas_mas_std_0101/helio/
Downloading from:  http://www.predsci.com/data/runs/cr1951-medium/mdi_mas_mas_std_0101/helio/
Downloading from:  http://www.predsci.com/data/runs/cr1952-medium/mdi_mas_mas_std_0101/helio/
Downloading from:  http://www.predsci.com/data/runs/cr1953-medium/kpo_mas_mas_std_0101/helio/
Downloading from:  http://www.predsci.com/data/runs/cr1954-medium/mdi_mas_mas_std_0101/helio/
Downloading from:  http://www.predsci.com/data/runs/cr1955-medium/kpo_mas_mas_std_0101/helio/
Downloading from:  http://www.predsci.com/data/runs/cr1956-medium/kpo_mas_mas_std_0101/helio/
Downloading from:  http://www.predsci.com/data/runs/cr1957-medium/mwo_mas_mas_std_0101/helio/
Downloading from:  http://www.predsci.com/data/runs/cr1958-medium/mwo_mas_mas_std_0101/helio/
Downloading from:  http://www.predsci.com/data/runs/cr1959-medium/kpo_mas_mas_std_0101/helio/
Downloading from:  http://www.predsci.com/data/runs/cr1960-medium/kpo_mas_mas_std_0101/helio/
Downloading from:  http://www.predsci.com/data/runs/cr1961-medium/mdi_mas_mas_std_0101/helio/
Downloading from:  http://www.predsci.com/data/runs/cr1962-medium/mdi_mas_mas_std_0101/helio/
Downloading from:  http://www.predsci.com/data/runs/cr1963-medium/kpo_mas_mas_std_0101/helio/
Downloading from:  http://www.predsci.com/data/runs/cr1964-medium/kpo_mas_mas_std_0101/helio/
Downloading from:  http://www.predsci.com/data/runs/cr1965-medium/kpo_mas_mas_std_0101/helio/
Downloading from:  http://www.predsci.com/data/runs/cr1966-medium/mdi_mas_mas_std_0101/helio/
Downloading from:  http://www.predsci.com/data/runs/cr1967-medium/kpo_mas_mas_std_0101/helio/
Downloading from:  http://www.predsci.com/data/runs/cr1968-medium/mdi_mas_mas_std_0101/helio/
Downloading from:  http://www.predsci.com/data/runs/cr1969-medium/kpo_mas_mas_std_0101/helio/
Downloading from:  http://www.predsci.com/data/runs/cr1970-medium/mdi_mas_mas_std_0101/helio/
Downloading from:  http://www.predsci.com/data/runs/cr1971-medium/kpo_mas_mas_std_0101/helio/
Downloading from:  http://www.predsci.com/data/runs/cr1972-medium/kpo_mas_mas_std_0101/helio/
Downloading from:  http://www.predsci.com/data/runs/cr1973-medium/mdi_mas_mas_std_0101/helio/
Downloading from:  http://www.predsci.com/data/runs/cr1974-medium/mdi_mas_mas_std_0101/helio/
Downloading from:  http://www.predsci.com/data/runs/cr1975-medium/kpo_mas_mas_std_0101/helio/
Downloading from:  http://www.predsci.com/data/runs/cr1976-medium/mdi_mas_mas_std_0101/helio/
Downloading from:  http://www.predsci.com/data/runs/cr1977-medium/kpo_mas_mas_std_0101/helio/
Downloading from:  http://www.predsci.com/data/runs/cr1978-medium/mdi_mas_mas_std_0101/helio/
Downloading from:  http://www.predsci.com/data/runs/cr1979-medium/mdi_mas_mas_std_0101/helio/
Downloading from:  http://www.predsci.com/data/runs/cr1980-medium/mwo_mas_mas_std_0101/helio/
Downloading from:  http://www.predsci.com/data/runs/cr1981-medium/wso_mas_mas_std_0101/helio/
Downloading from:  http://www.predsci.com/data/runs/cr1982-medium/mwo_mas_mas_std_0101/helio/
Downloading from:  http://www.predsci.com/data/runs/cr1983-medium/kpo_mas_mas_std_0101/helio/
Downloading from:  http://www.predsci.com/data/runs/cr1984-medium/mdi_mas_mas_std_0101/helio/
Downloading from:  http://www.predsci.com/data/runs/cr1985-medium/mwo_mas_mas_std_0101/helio/
Downloading from:  http://www.predsci.com/data/runs/cr1986-medium/kpo_mas_mas_std_0101/helio/
Downloading from:  http://www.predsci.com/data/runs/cr1987-medium/mdi_mas_mas_std_0101/helio/
Downloading from:  http://www.predsci.com/data/runs/cr1988-medium/wso_mas_mas_std_0101/helio/
Downloading from:  http://www.predsci.com/data/runs/cr1989-medium/mdi_mas_mas_std_0101/helio/
Downloading from:  http://www.predsci.com/data/runs/cr1990-medium/mdi_mas_mas_std_0101/helio/
Downloading from:  http://www.predsci.com/data/runs/cr1991-medium/mdi_mas_mas_std_0101/helio/
Downloading from:  http://www.predsci.com/data/runs/cr1992-medium/mdi_mas_mas_std_0101/helio/
Downloading from:  http://www.predsci.com/data/runs/cr1993-medium/mdi_mas_mas_std_0101/helio/
Downloading from:  http://www.predsci.com/data/runs/cr1994-medium/kpo_mas_mas_std_0101/helio/
Downloading from:  http://www.predsci.com/data/runs/cr1995-medium/mdi_mas_mas_std_0101/helio/
Downloading from:  http://www.predsci.com/data/runs/cr1996-medium/mdi_mas_mas_std_0101/helio/
Downloading from:  http://www.predsci.com/data/runs/cr1997-medium/mdi_mas_mas_std_0101/helio/
Downloading from:  http://www.predsci.com/data/runs/cr1998-medium/mdi_mas_mas_std_0101/helio/
Downloading from:  http://www.predsci.com/data/runs/cr1999-medium/mdi_mas_mas_std_0101/helio/
Downloading from:  http://www.predsci.com/data/runs/cr2000-medium/mdi_mas_mas_std_0201/helio/
Downloading from:  http://www.predsci.com/data/runs/cr2001-medium/mdi_mas_mas_std_0201/helio/
Downloading from:  http://www.predsci.com/data/runs/cr2002-medium/mdi_mas_mas_std_0201/helio/
Downloading from:  http://www.predsci.com/data/runs/cr2003-medium/mdi_mas_mas_std_0201/helio/
Downloading from:  http://www.predsci.com/data/runs/cr2004-medium/kpo_mas_mas_std_0201/helio/
Downloading from:  http://www.predsci.com/data/runs/cr2005-medium/kpo_mas_mas_std_0201/helio/
Downloading from:  http://www.predsci.com/data/runs/cr2006-medium/mdi_mas_mas_std_0201/helio/
Downloading from:  http://www.predsci.com/data/runs/cr2007-medium/mdi_mas_mas_std_0201/helio/
Downloading from:  http://www.predsci.com/data/runs/cr2008-medium/mdi_mas_mas_std_0201/helio/
Downloading from:  http://www.predsci.com/data/runs/cr2009-medium/mdi_mas_mas_std_0201/helio/
Downloading from:  http://www.predsci.com/data/runs/cr2010-medium/mdi_mas_mas_std_0201/helio/
Downloading from:  http://www.predsci.com/data/runs/cr2011-medium/solis_mas_mas_std_0201/helio/
Downloading from:  http://www.predsci.com/data/runs/cr2012-medium/mdi_mas_mas_std_0201/helio/
Downloading from:  http://www.predsci.com/data/runs/cr2013-medium/mdi_mas_mas_std_0201/helio/
Downloading from:  http://www.predsci.com/data/runs/cr2014-medium/mdi_mas_mas_std_0201/helio/
Downloading from:  http://www.predsci.com/data/runs/cr2015-medium/wso_mas_mas_std_0201/helio/
Downloading from:  http://www.predsci.com/data/runs/cr2016-medium/mdi_mas_mas_std_0201/helio/
Downloading from:  http://www.predsci.com/data/runs/cr2017-medium/solis_mas_mas_std_0101/helio/
Downloading from:  http://www.predsci.com/data/runs/cr2018-medium/mdi_mas_mas_std_0201/helio/
Downloading from:  http://www.predsci.com/data/runs/cr2019-medium/mdi_mas_mas_std_0201/helio/
Downloading from:  http://www.predsci.com/data/runs/cr2020-medium/mdi_mas_mas_std_0201/helio/
Downloading from:  http://www.predsci.com/data/runs/cr2021-medium/mdi_mas_mas_std_0201/helio/
Downloading from:  http://www.predsci.com/data/runs/cr2022-medium/mdi_mas_mas_std_0201/helio/
Downloading from:  http://www.predsci.com/data/runs/cr2023-medium/mdi_mas_mas_std_0201/helio/
Downloading from:  http://www.predsci.com/data/runs/cr2024-medium/mdi_mas_mas_std_0201/helio/
Downloading from:  http://www.predsci.com/data/runs/cr2025-medium/mdi_mas_mas_std_0201/helio/
Downloading from:  http://www.predsci.com/data/runs/cr2026-medium/mdi_mas_mas_std_0201/helio/
Downloading from:  http://www.predsci.com/data/runs/cr2027-medium/mdi_mas_mas_std_0201/helio/
Downloading from:  http://www.predsci.com/data/runs/cr2028-medium/mdi_mas_mas_std_0201/helio/
Downloading from:  http://www.predsci.com/data/runs/cr2029-medium/mdi_mas_mas_std_0201/helio/
Downloading from:  http://www.predsci.com/data/runs/cr2030-medium/mdi_mas_mas_std_0201/helio/
Downloading from:  http://www.predsci.com/data/runs/cr2031-medium/mdi_mas_mas_std_0201/helio/
Downloading from:  http://www.predsci.com/data/runs/cr2032-medium/mdi_mas_mas_std_0201/helio/
Downloading from:  http://www.predsci.com/data/runs/cr2033-medium/mdi_mas_mas_std_0201/helio/
Downloading from:  http://www.predsci.com/data/runs/cr2034-medium/mdi_mas_mas_std_0201/helio/
Downloading from:  http://www.predsci.com/data/runs/cr2035-medium/mdi_mas_mas_std_0201/helio/
Downloading from:  http://www.predsci.com/data/runs/cr2036-medium/mdi_mas_mas_std_0201/helio/
Downloading from:  http://www.predsci.com/data/runs/cr2037-medium/mdi_mas_mas_std_0201/helio/
Downloading from:  http://www.predsci.com/data/runs/cr2038-medium/mdi_mas_mas_std_0201/helio/
Downloading from:  http://www.predsci.com/data/runs/cr2039-medium/mdi_mas_mas_std_0201/helio/
Downloading from:  http://www.predsci.com/data/runs/cr2040-medium/mdi_mas_mas_std_0201/helio/
Downloading from:  http://www.predsci.com/data/runs/cr2041-medium/mdi_mas_mas_std_0201/helio/
Downloading from:  http://www.predsci.com/data/runs/cr2042-medium/mdi_mas_mas_std_0201/helio/
Downloading from:  http://www.predsci.com/data/runs/cr2043-medium/mdi_mas_mas_std_0201/helio/
Downloading from:  http://www.predsci.com/data/runs/cr2044-medium/mdi_mas_mas_std_0201/helio/
Downloading from:  http://www.predsci.com/data/runs/cr2045-medium/mdi_mas_mas_std_0201/helio/
Downloading from:  http://www.predsci.com/data/runs/cr2046-medium/mdi_mas_mas_std_0201/helio/
Downloading from:  http://www.predsci.com/data/runs/cr2047-medium/mdi_mas_mas_std_0201/helio/
Downloading from:  http://www.predsci.com/data/runs/cr2048-medium/mdi_mas_mas_std_0201/helio/
Downloading from:  http://www.predsci.com/data/runs/cr2049-medium/mdi_mas_mas_std_0201/helio/
Downloading from:  http://www.predsci.com/data/runs/cr2050-medium/mdi_mas_mas_std_0201/helio/
Downloading from:  http://www.predsci.com/data/runs/cr2051-medium/mdi_mas_mas_std_0201/helio/
Downloading from:  http://www.predsci.com/data/runs/cr2052-medium/solis_mas_mas_std_0201/helio/
Downloading from:  http://www.predsci.com/data/runs/cr2053-medium/mdi_mas_mas_std_0201/helio/
Downloading from:  http://www.predsci.com/data/runs/cr2054-medium/mdi_mas_mas_std_0201/helio/
Downloading from:  http://www.predsci.com/data/runs/cr2055-medium/mdi_mas_mas_std_0201/helio/
Downloading from:  http://www.predsci.com/data/runs/cr2056-medium/mdi_mas_mas_std_0201/helio/
Downloading from:  http://www.predsci.com/data/runs/cr2057-medium/mdi_mas_mas_std_0201/helio/
Downloading from:  http://www.predsci.com/data/runs/cr2058-medium/mdi_mas_mas_std_0201/helio/
Downloading from:  http://www.predsci.com/data/runs/cr2059-medium/mdi_mas_mas_std_0201/helio/
Downloading from:  http://www.predsci.com/data/runs/cr2060-medium/mdi_mas_mas_std_0201/helio/
Downloading from:  http://www.predsci.com/data/runs/cr2061-medium/mdi_mas_mas_std_0201/helio/
Downloading from:  http://www.predsci.com/data/runs/cr2062-medium/mdi_mas_mas_std_0201/helio/
Downloading from:  http://www.predsci.com/data/runs/cr2063-medium/mdi_mas_mas_std_0201/helio/
Downloading from:  http://www.predsci.com/data/runs/cr2064-medium/mdi_mas_mas_std_0201/helio/
Downloading from:  http://www.predsci.com/data/runs/cr2065-medium/mdi_mas_mas_std_0201/helio/
Downloading from:  http://www.predsci.com/data/runs/cr2066-medium/mdi_mas_mas_std_0201/helio/
Downloading from:  http://www.predsci.com/data/runs/cr2067-medium/mdi_mas_mas_std_0201/helio/
Downloading from:  http://www.predsci.com/data/runs/cr2068-medium/mdi_mas_mas_std_0201/helio/
Downloading from:  http://www.predsci.com/data/runs/cr2069-medium/mdi_mas_mas_std_0201/helio/
Downloading from:  http://www.predsci.com/data/runs/cr2070-medium/mdi_mas_mas_std_0201/helio/
Downloading from:  http://www.predsci.com/data/runs/cr2071-medium/mdi_mas_mas_std_0201/helio/
Downloading from:  http://www.predsci.com/data/runs/cr2072-medium/mdi_mas_mas_std_0201/helio/
Downloading from:  http://www.predsci.com/data/runs/cr2073-medium/mdi_mas_mas_std_0201/helio/
Downloading from:  http://www.predsci.com/data/runs/cr2074-medium/mdi_mas_mas_std_0201/helio/
Downloading from:  http://www.predsci.com/data/runs/cr2075-medium/mdi_mas_mas_std_0201/helio/
Downloading from:  http://www.predsci.com/data/runs/cr2076-medium/mdi_mas_mas_std_0201/helio/
Downloading from:  http://www.predsci.com/data/runs/cr2077-medium/mdi_mas_mas_std_0201/helio/
Downloading from:  http://www.predsci.com/data/runs/cr2078-medium/mdi_mas_mas_std_0201/helio/
Downloading from:  http://www.predsci.com/data/runs/cr2079-medium/mdi_mas_mas_std_0201/helio/
Downloading from:  http://www.predsci.com/data/runs/cr2080-medium/mdi_mas_mas_std_0201/helio/
Downloading from:  http://www.predsci.com/data/runs/cr2081-medium/mdi_mas_mas_std_0201/helio/
Downloading from:  http://www.predsci.com/data/runs/cr2082-medium/mdi_mas_mas_std_0201/helio/
Downloading from:  http://www.predsci.com/data/runs/cr2083-medium/mdi_mas_mas_std_0201/helio/
Downloading from:  http://www.predsci.com/data/runs/cr2084-medium/mdi_mas_mas_std_0201/helio/
Downloading from:  http://www.predsci.com/data/runs/cr2085-medium/mdi_mas_mas_std_0201/helio/
Downloading from:  http://www.predsci.com/data/runs/cr2086-medium/solis_mas_mas_std_0201/helio/
Downloading from:  http://www.predsci.com/data/runs/cr2087-medium/mdi_mas_mas_std_0201/helio/
Downloading from:  http://www.predsci.com/data/runs/cr2088-medium/mdi_mas_mas_std_0201/helio/
Downloading from:  http://www.predsci.com/data/runs/cr2089-medium/mdi_mas_mas_std_0201/helio/
Downloading from:  http://www.predsci.com/data/runs/cr2090-medium/mdi_mas_mas_std_0201/helio/
Downloading from:  http://www.predsci.com/data/runs/cr2091-medium/mdi_mas_mas_std_0201/helio/
Downloading from:  http://www.predsci.com/data/runs/cr2092-medium/mdi_mas_mas_std_0201/helio/
Downloading from:  http://www.predsci.com/data/runs/cr2093-medium/mdi_mas_mas_std_0201/helio/
Downloading from:  http://www.predsci.com/data/runs/cr2094-medium/mdi_mas_mas_std_0201/helio/
Downloading from:  http://www.predsci.com/data/runs/cr2095-medium/mdi_mas_mas_std_0201/helio/
Downloading from:  http://www.predsci.com/data/runs/cr2096-medium/mdi_mas_mas_std_0201/helio/
Downloading from:  http://www.predsci.com/data/runs/cr2097-medium/hmi_mas_mas_std_0201/helio/
Downloading from:  http://www.predsci.com/data/runs/cr2098-medium/hmi_masp_mas_std_0201/helio/
Downloading from:  http://www.predsci.com/data/runs/cr2099-medium/hmi_mast_mas_std_0201/helio/
Downloading from:  http://www.predsci.com/data/runs/cr2100-medium/hmi_mast_mas_std_0201/helio/
Downloading from:  http://www.predsci.com/data/runs/cr2101-medium/hmi_mast_mas_std_0201/helio/
Downloading from:  http://www.predsci.com/data/runs/cr2102-medium/hmi_mast_mas_std_0201/helio/
Downloading from:  http://www.predsci.com/data/runs/cr2103-medium/hmi_mast_mas_std_0201/helio/
Downloading from:  http://www.predsci.com/data/runs/cr2104-medium/hmi_mast_mas_std_0201/helio/
Downloading from:  http://www.predsci.com/data/runs/cr2105-medium/hmi_mast_mas_std_0201/helio/
Downloading from:  http://www.predsci.com/data/runs/cr2106-medium/hmi_mast_mas_std_0201/helio/
Downloading from:  http://www.predsci.com/data/runs/cr2107-medium/hmi_mast_mas_std_0201/helio/
Downloading from:  http://www.predsci.com/data/runs/cr2108-medium/hmi_mast_mas_std_0201/helio/
Downloading from:  http://www.predsci.com/data/runs/cr2109-medium/hmi_mast_mas_std_0201/helio/
Downloading from:  http://www.predsci.com/data/runs/cr2110-medium/hmi_mast_mas_std_0201/helio/
Downloading from:  http://www.predsci.com/data/runs/cr2111-medium/hmi_mast_mas_std_0201/helio/
Downloading from:  http://www.predsci.com/data/runs/cr2112-medium/hmi_mast_mas_std_0201/helio/
Downloading from:  http://www.predsci.com/data/runs/cr2113-medium/hmi_mast_mas_std_0201/helio/
Downloading from:  http://www.predsci.com/data/runs/cr2114-medium/hmi_masp_mas_std_0201/helio/
Downloading from:  http://www.predsci.com/data/runs/cr2115-medium/hmi_mast_mas_std_0101/helio/
Downloading from:  http://www.predsci.com/data/runs/cr2116-medium/hmi_masp_mas_std_0201/helio/
Downloading from:  http://www.predsci.com/data/runs/cr2117-medium/hmi_masp_mas_std_0201/helio/
Downloading from:  http://www.predsci.com/data/runs/cr2118-medium/hmi_mast_mas_std_0201/helio/
Downloading from:  http://www.predsci.com/data/runs/cr2119-medium/hmi_mast_mas_std_0201/helio/
Downloading from:  http://www.predsci.com/data/runs/cr2120-medium/hmi_mast_mas_std_0201/helio/
Downloading from:  http://www.predsci.com/data/runs/cr2121-medium/hmi_mas_mas_std_0201/helio/
Downloading from:  http://www.predsci.com/data/runs/cr2122-medium/hmi_mas_mas_std_0201/helio/
Downloading from:  http://www.predsci.com/data/runs/cr2123-medium/hmi_mas_mas_std_0201/helio/
Downloading from:  http://www.predsci.com/data/runs/cr2124-medium/hmi_mas_mas_std_0201/helio/
Downloading from:  http://www.predsci.com/data/runs/cr2125-medium/hmi_mas_mas_std_0201/helio/
Downloading from:  http://www.predsci.com/data/runs/cr2126-medium/hmi_mas_mas_std_0201/helio/
Downloading from:  http://www.predsci.com/data/runs/cr2127-medium/hmi_masp_mas_std_0201/helio/
Downloading from:  http://www.predsci.com/data/runs/cr2128-medium/hmi_mast_mas_std_0201/helio/
Downloading from:  http://www.predsci.com/data/runs/cr2129-medium/hmi_masp_mas_std_0201/helio/
Downloading from:  http://www.predsci.com/data/runs/cr2130-medium/hmi_masp_mas_std_0201/helio/
Downloading from:  http://www.predsci.com/data/runs/cr2131-medium/hmi_masp_mas_std_0201/helio/
Downloading from:  http://www.predsci.com/data/runs/cr2132-medium/hmi_masp_mas_std_0201/helio/
Downloading from:  http://www.predsci.com/data/runs/cr2133-medium/hmi_masp_mas_std_0201/helio/
Downloading from:  http://www.predsci.com/data/runs/cr2134-medium/hmi_masp_mas_std_0201/helio/
Downloading from:  http://www.predsci.com/data/runs/cr2135-medium/hmi_masp_mas_std_0201/helio/
Downloading from:  http://www.predsci.com/data/runs/cr2136-medium/hmi_masp_mas_std_0201/helio/
Downloading from:  http://www.predsci.com/data/runs/cr2137-medium/hmi_masp_mas_std_0201/helio/
Downloading from:  http://www.predsci.com/data/runs/cr2138-medium/hmi_masp_mas_std_0201/helio/
Downloading from:  http://www.predsci.com/data/runs/cr2139-medium/hmi_masp_mas_std_0201/helio/
Downloading from:  http://www.predsci.com/data/runs/cr2140-medium/hmi_masp_mas_std_0201/helio/
Downloading from:  http://www.predsci.com/data/runs/cr2141-medium/hmi_masp_mas_std_0201/helio/
Downloading from:  http://www.predsci.com/data/runs/cr2142-medium/hmi_mast_mas_std_0101/helio/
Downloading from:  http://www.predsci.com/data/runs/cr2143-medium/hmi_mast_mas_std_0201/helio/
Downloading from:  http://www.predsci.com/data/runs/cr2144-medium/hmi_mast_mas_std_0201/helio/
Downloading from:  http://www.predsci.com/data/runs/cr2145-medium/hmi_masp_mas_std_0201/helio/
Downloading from:  http://www.predsci.com/data/runs/cr2146-medium/hmi_masp_mas_std_0201/helio/
Downloading from:  http://www.predsci.com/data/runs/cr2147-medium/hmi_masp_mas_std_0201/helio/
Downloading from:  http://www.predsci.com/data/runs/cr2148-medium/hmi_masp_mas_std_0201/helio/
Downloading from:  http://www.predsci.com/data/runs/cr2149-medium/hmi_masp_mas_std_0201/helio/
Downloading from:  http://www.predsci.com/data/runs/cr2150-medium/hmi_masp_mas_std_0201/helio/
Downloading from:  http://www.predsci.com/data/runs/cr2151-medium/hmi_masp_mas_std_0201/helio/
Downloading from:  http://www.predsci.com/data/runs/cr2152-medium/hmi_masp_mas_std_0201/helio/
Downloading from:  http://www.predsci.com/data/runs/cr2153-medium/hmi_masp_mas_std_0201/helio/
Downloading from:  http://www.predsci.com/data/runs/cr2154-medium/hmi_mast_mas_std_0101/helio/
Downloading from:  http://www.predsci.com/data/runs/cr2155-medium/hmi_masp_mas_std_0201/helio/
Downloading from:  http://www.predsci.com/data/runs/cr2156-medium/hmi_masp_mas_std_0201/helio/
Downloading from:  http://www.predsci.com/data/runs/cr2157-medium/hmi_masp_mas_std_0201/helio/
Downloading from:  http://www.predsci.com/data/runs/cr2158-medium/hmi_mast_mas_std_0201/helio/
Downloading from:  http://www.predsci.com/data/runs/cr2159-medium/hmi_masp_mas_std_0201/helio/
Downloading from:  http://www.predsci.com/data/runs/cr2160-medium/hmi_masp_mas_std_0201/helio/
Downloading from:  http://www.predsci.com/data/runs/cr2161-medium/hmi_masp_mas_std_0201/helio/
Downloading from:  http://www.predsci.com/data/runs/cr2162-medium/hmi_masp_mas_std_0201/helio/
Downloading from:  http://www.predsci.com/data/runs/cr2163-medium/hmi_masp_mas_std_0201/helio/
Downloading from:  http://www.predsci.com/data/runs/cr2164-medium/hmi_masp_mas_std_0201/helio/
Downloading from:  http://www.predsci.com/data/runs/cr2165-medium/hmi_masp_mas_std_0201/helio/
Downloading from:  http://www.predsci.com/data/runs/cr2166-medium/hmi_masp_mas_std_0201/helio/
Downloading from:  http://www.predsci.com/data/runs/cr2167-medium/hmi_masp_mas_std_0201/helio/
Downloading from:  http://www.predsci.com/data/runs/cr2168-medium/hmi_masp_mas_std_0201/helio/
Downloading from:  http://www.predsci.com/data/runs/cr2169-medium/hmi_masp_mas_std_0201/helio/
Downloading from:  http://www.predsci.com/data/runs/cr2170-medium/hmi_masp_mas_std_0201/helio/
Downloading from:  http://www.predsci.com/data/runs/cr2171-medium/hmi_masp_mas_std_0201/helio/
Downloading from:  http://www.predsci.com/data/runs/cr2172-medium/hmi_masp_mas_std_0201/helio/
Downloading from:  http://www.predsci.com/data/runs/cr2173-medium/hmi_masp_mas_std_0201/helio/
Downloading from:  http://www.predsci.com/data/runs/cr2174-medium/hmi_masp_mas_std_0201/helio/
Downloading from:  http://www.predsci.com/data/runs/cr2175-medium/hmi_masp_mas_std_0201/helio/
Downloading from:  http://www.predsci.com/data/runs/cr2176-medium/hmi_masp_mas_std_0201/helio/
Downloading from:  http://www.predsci.com/data/runs/cr2177-medium/hmi_masp_mas_std_0201/helio/
Downloading from:  http://www.predsci.com/data/runs/cr2178-medium/hmi_masp_mas_std_0201/helio/
Downloading from:  http://www.predsci.com/data/runs/cr2179-medium/hmi_masp_mas_std_0201/helio/
Downloading from:  http://www.predsci.com/data/runs/cr2180-medium/hmi_masp_mas_std_0201/helio/
Downloading from:  http://www.predsci.com/data/runs/cr2181-medium/hmi_masp_mas_std_0201/helio/
Downloading from:  http://www.predsci.com/data/runs/cr2182-medium/hmi_masp_mas_std_0201/helio/
Downloading from:  http://www.predsci.com/data/runs/cr2183-medium/hmi_masp_mas_std_0201/helio/
Downloading from:  http://www.predsci.com/data/runs/cr2184-medium/hmi_masp_mas_std_0201/helio/
Downloading from:  http://www.predsci.com/data/runs/cr2185-medium/hmi_masp_mas_std_0201/helio/
Downloading from:  http://www.predsci.com/data/runs/cr2186-medium/hmi_masp_mas_std_0201/helio/
Downloading from:  http://www.predsci.com/data/runs/cr2187-medium/hmi_masp_mas_std_0201/helio/
Downloading from:  http://www.predsci.com/data/runs/cr2188-medium/hmi_masp_mas_std_0201/helio/
Downloading from:  http://www.predsci.com/data/runs/cr2189-medium/hmi_masp_mas_std_0201/helio/
Downloading from:  http://www.predsci.com/data/runs/cr2190-medium/hmi_masp_mas_std_0201/helio/
Downloading from:  http://www.predsci.com/data/runs/cr2191-medium/hmi_masp_mas_std_0201/helio/
Downloading from:  http://www.predsci.com/data/runs/cr2192-medium/hmi_masp_mas_std_0201/helio/
Downloading from:  http://www.predsci.com/data/runs/cr2193-medium/hmi_masp_mas_std_0201/helio/
Downloading from:  http://www.predsci.com/data/runs/cr2194-medium/hmi_masp_mas_std_0201/helio/
Downloading from:  http://www.predsci.com/data/runs/cr2195-medium/hmi_masp_mas_std_0201/helio/
Downloading from:  http://www.predsci.com/data/runs/cr2196-medium/hmi_masp_mas_std_0201/helio/
Downloading from:  http://www.predsci.com/data/runs/cr2197-medium/hmi_masp_mas_std_0201/helio/
Downloading from:  http://www.predsci.com/data/runs/cr2198-medium/hmi_masp_mas_std_0201/helio/
Downloading from:  http://www.predsci.com/data/runs/cr2199-medium/hmi_masp_mas_std_0201/helio/
Downloading from:  http://www.predsci.com/data/runs/cr2200-medium/hmi_masp_mas_std_0201/helio/
Downloading from:  http://www.predsci.com/data/runs/cr2201-medium/hmi_masp_mas_std_0201/helio/
Downloading from:  http://www.predsci.com/data/runs/cr2202-medium/hmi_masp_mas_std_0201/helio/
Downloading from:  http://www.predsci.com/data/runs/cr2203-medium/hmi_masp_mas_std_0201/helio/
Downloading from:  http://www.predsci.com/data/runs/cr2204-medium/hmi_masp_mas_std_0201/helio/
Downloading from:  http://www.predsci.com/data/runs/cr2205-medium/hmi_masp_mas_std_0201/helio/
Downloading from:  http://www.predsci.com/data/runs/cr2206-medium/hmi_masp_mas_std_0201/helio/
Downloading from:  http://www.predsci.com/data/runs/cr2207-medium/hmi_masp_mas_std_0201/helio/
Downloading from:  http://www.predsci.com/data/runs/cr2208-medium/hmi_masp_mas_std_0201/helio/
Downloading from:  http://www.predsci.com/data/runs/cr2209-medium/hmi_masp_mas_std_0201/helio/
Downloading from:  http://www.predsci.com/data/runs/cr2210-medium/hmi_masp_mas_std_0201/helio/
Downloading from:  http://www.predsci.com/data/runs/cr2211-medium/hmi_masp_mas_std_0201/helio/
Downloading from:  http://www.predsci.com/data/runs/cr2212-medium/hmi_masp_mas_std_0201/helio/
Downloading from:  http://www.predsci.com/data/runs/cr2213-medium/hmi_masp_mas_std_0201/helio/
Downloading from:  http://www.predsci.com/data/runs/cr2214-medium/hmi_masp_mas_std_0201/helio/
Downloading from:  http://www.predsci.com/data/runs/cr2215-medium/hmi_masp_mas_std_0201/helio/
Downloading from:  http://www.predsci.com/data/runs/cr2216-medium/hmi_masp_mas_std_0201/helio/
Downloading from:  http://www.predsci.com/data/runs/cr2217-medium/hmi_masp_mas_std_0201/helio/
Downloading from:  http://www.predsci.com/data/runs/cr2218-medium/hmi_masp_mas_std_0201/helio/
Downloading from:  http://www.predsci.com/data/runs/cr2219-medium/hmi_masp_mas_std_0201/helio/
Downloading from:  http://www.predsci.com/data/runs/cr2220-medium/hmi_masp_mas_std_0201/helio/
Downloading from:  http://www.predsci.com/data/runs/cr2221-medium/hmi_masp_mas_std_0201/helio/
Downloading from:  http://www.predsci.com/data/runs/cr2222-medium/hmi_masp_mas_std_0201/helio/
Downloading from:  http://www.predsci.com/data/runs/cr2223-medium/hmi_masp_mas_std_0201/helio/
Downloading from:  http://www.predsci.com/data/runs/cr2224-medium/hmi_masp_mas_std_0201/helio/
Downloading from:  http://www.predsci.com/data/runs/cr2225-medium/hmi_masp_mas_std_0201/helio/
Downloading from:  http://www.predsci.com/data/runs/cr2226-medium/hmi_masp_mas_std_0201/helio/
Downloading from:  http://www.predsci.com/data/runs/cr2227-medium/hmi_masp_mas_std_0201/helio/
Downloading from:  http://www.predsci.com/data/runs/cr2228-medium/hmi_masp_mas_std_0201/helio/
Downloading from:  http://www.predsci.com/data/runs/cr2229-medium/hmi_masp_mas_std_0201/helio/
Downloading from:  http://www.predsci.com/data/runs/cr2230-medium/hmi_masp_mas_std_0201/helio/
Downloading from:  http://www.predsci.com/data/runs/cr2231-medium/hmi_masp_mas_std_0201/helio/
Downloading from:  http://www.predsci.com/data/runs/cr2232-medium/hmi_masp_mas_std_0201/helio/
Downloading from:  http://www.predsci.com/data/runs/cr2233-medium/hmi_masp_mas_std_0201/helio/
Downloading from:  http://www.predsci.com/data/runs/cr2234-medium/hmi_masp_mas_std_0201/helio/
Downloading from:  http://www.predsci.com/data/runs/cr2235-high/hmi_masp_mas_std_0201/helio/
Downloading from:  http://www.predsci.com/data/runs/cr2236-high/hmi_masp_mas_std_0201/helio/
Downloading from:  http://www.predsci.com/data/runs/cr2237-high/hmi_masp_mas_std_0201/helio/
Downloading from:  http://www.predsci.com/data/runs/cr2238-high/hmi_masp_mas_std_0201/helio/
Downloading from:  http://www.predsci.com/data/runs/cr2239-high/hmi_masp_mas_std_0201/helio/
Downloading from:  http://www.predsci.com/data/runs/cr2240-high/hmi_masp_mas_std_0201/helio/
Downloading from:  http://www.predsci.com/data/runs/cr2241-high/hmi_masp_mas_std_0201/helio/
Downloading from:  http://www.predsci.com/data/runs/cr2242-high/hmi_masp_mas_std_0201/helio/
Downloading from:  http://www.predsci.com/data/runs/cr2243-high/hmi_masp_mas_std_0201/helio/
Downloading from:  http://www.predsci.com/data/runs/cr2244-high/hmi_masp_mas_std_0201/helio/
Downloading from:  http://www.predsci.com/data/runs/cr2245-high/hmi_masp_mas_std_0201/helio/
Downloading from:  http://www.predsci.com/data/runs/cr2246-high/hmi_masp_mas_std_0201/helio/
Downloading from:  http://www.predsci.com/data/runs/cr2247-high/hmi_masp_mas_std_0201/helio/
Downloading from:  http://www.predsci.com/data/runs/cr2248-high/hmi_masp_mas_std_0201/helio/
Downloading from:  http://www.predsci.com/data/runs/cr2249-high/hmi_masp_mas_std_0201/helio/
Downloading from:  http://www.predsci.com/data/runs/cr2250-high/hmi_masp_mas_std_0201/helio/
Downloading from:  http://www.predsci.com/data/runs/cr2251-high/hmi_masp_mas_std_0201/helio/
Downloading from:  http://www.predsci.com/data/runs/cr2252-high/hmi_masp_mas_std_0201/helio/
Downloading from:  http://www.predsci.com/data/runs/cr2253-high/hmi_masp_mas_std_0201/helio/
Downloading from:  http://www.predsci.com/data/runs/cr2254-high/hmi_masp_mas_std_0201/helio/
Downloading from:  http://www.predsci.com/data/runs/cr2255-high/hmi_masp_mas_std_0201/helio/
Downloading from:  http://www.predsci.com/data/runs/cr2256-high/hmi_masp_mas_std_0201/helio/
Downloading from:  http://www.predsci.com/data/runs/cr2257-high/hmi_masp_mas_std_0201/helio/
Downloading from:  http://www.predsci.com/data/runs/cr2258-high/hmi_masp_mas_std_0201/helio/
Downloading from:  http://www.predsci.com/data/runs/cr2259-high/hmi_masp_mas_std_0201/helio/
Downloading from:  http://www.predsci.com/data/runs/cr2260-high/hmi_masp_mas_std_0201/helio/
Downloading from:  http://www.predsci.com/data/runs/cr2261-high/hmi_masp_mas_std_0201/helio/
Downloading from:  http://www.predsci.com/data/runs/cr2262-high/hmi_masp_mas_std_0201/helio/
Downloading from:  http://www.predsci.com/data/runs/cr2263-high/hmi_masp_mas_std_0201/helio/
Downloading from:  http://www.predsci.com/data/runs/cr2264-high/hmi_masp_mas_std_0201/helio/
Downloading from:  http://www.predsci.com/data/runs/cr2265-high/hmi_masp_mas_std_0201/helio/
Downloading from:  http://www.predsci.com/data/runs/cr2266-high/hmi_masp_mas_std_0201/helio/
Downloading from:  http://www.predsci.com/data/runs/cr2267-high/hmi_masp_mas_std_0201/helio/
Downloading from:  http://www.predsci.com/data/runs/cr2268-high/hmi_masp_mas_std_0201/helio/
Downloading from:  http://www.predsci.com/data/runs/cr2269-high/hmi_masp_mas_std_0201/helio/
